[2017-05-21 08:05:36.253] [INFO] dateFileLog - [::ffff:127.0.0.1] Date = *DFTD_LYBJ,2000000100,13554766446#
[2017-05-21 08:12:12.047] [INFO] dateFileLog - [::ffff:127.0.0.1] Date = *DFTD_LYBJ,2000000100,13554766446#
[2017-05-21 08:13:13.752] [INFO] dateFileLog - [::ffff:127.0.0.1] Date = *DFTD_LYBJ,2000000100,13554766446#
[2017-05-21 08:13:14.002] [ERROR] dateFileLog - Error =  TypeError: Cannot read property 'length' of undefined
    at Object.module.exports.add_alarm_data (E:\code\GPS\Server\parse\gps_alarm.js:21:21)
    at process._tickCallback (internal/process/next_tick.js:109:7)
TypeError: Cannot read property 'length' of undefined
    at Object.module.exports.add_alarm_data (E:\code\GPS\Server\parse\gps_alarm.js:21:21)
    at process._tickCallback (internal/process/next_tick.js:109:7)
[2017-05-21 08:14:51.306] [INFO] dateFileLog - [::ffff:127.0.0.1] Date = *DFTD_LYBJ,2000000100,13554766446#
[2017-05-21 08:18:12.544] [INFO] dateFileLog - [::ffff:127.0.0.1] Date = *DFTD_LYBJ,2000000100,13554766446#
[2017-05-21 08:19:29.287] [INFO] dateFileLog - [::ffff:127.0.0.1] Date = *DFTD_LYBJ,2000000100,13554766446#
[2017-05-21 08:19:29.642] [ERROR] dateFileLog - send_alarm_msg =  { RequestError: Conversion failed when converting datetime from character string.
    at E:\code\node_modules\mssql\lib\tedious.js:739:17
    at emitOne (events.js:96:13)
    at Connection.emit (events.js:191:7)
    at Parser.<anonymous> (E:\code\node_modules\mssql\node_modules\tedious\lib\connection.js:204:16)
    at emitOne (events.js:96:13)
    at Parser.emit (events.js:191:7)
    at Parser.<anonymous> (E:\code\node_modules\mssql\node_modules\tedious\lib\token\token-stream-parser.js:42:15)
    at emitOne (events.js:96:13)
    at Parser.emit (events.js:191:7)
    at readableAddChunk (E:\code\node_modules\mssql\node_modules\tedious\node_modules\readable-stream\lib\_stream_readable.js:213:18)
  name: 'RequestError',
  message: 'Conversion failed when converting datetime from character string.',
  code: 'EREQUEST',
  number: 241,
  lineNumber: 1,
  state: 1,
  class: 16,
  serverName: 'iZ948wnf8ufZ',
  procName: '',
  precedingErrors: [] }
RequestError: Conversion failed when converting datetime from character string.
    at E:\code\node_modules\mssql\lib\tedious.js:739:17
    at emitOne (events.js:96:13)
    at Connection.emit (events.js:191:7)
    at Parser.<anonymous> (E:\code\node_modules\mssql\node_modules\tedious\lib\connection.js:204:16)
    at emitOne (events.js:96:13)
    at Parser.emit (events.js:191:7)
    at Parser.<anonymous> (E:\code\node_modules\mssql\node_modules\tedious\lib\token\token-stream-parser.js:42:15)
    at emitOne (events.js:96:13)
    at Parser.emit (events.js:191:7)
    at readableAddChunk (E:\code\node_modules\mssql\node_modules\tedious\node_modules\readable-stream\lib\_stream_readable.js:213:18)
[2017-05-21 08:25:52.794] [INFO] dateFileLog - [::ffff:127.0.0.1] Date = *DFTD_LYBJ,2000000100,13554766446#
[2017-05-21 08:25:53.124] [ERROR] dateFileLog - send_alarm_msg =  { RequestError: Conversion failed when converting datetime from character string.
    at E:\code\node_modules\mssql\lib\tedious.js:739:17
    at emitOne (events.js:96:13)
    at Connection.emit (events.js:191:7)
    at Parser.<anonymous> (E:\code\node_modules\mssql\node_modules\tedious\lib\connection.js:204:16)
    at emitOne (events.js:96:13)
    at Parser.emit (events.js:191:7)
    at Parser.<anonymous> (E:\code\node_modules\mssql\node_modules\tedious\lib\token\token-stream-parser.js:42:15)
    at emitOne (events.js:96:13)
    at Parser.emit (events.js:191:7)
    at readableAddChunk (E:\code\node_modules\mssql\node_modules\tedious\node_modules\readable-stream\lib\_stream_readable.js:213:18)
  name: 'RequestError',
  message: 'Conversion failed when converting datetime from character string.',
  code: 'EREQUEST',
  number: 241,
  lineNumber: 1,
  state: 1,
  class: 16,
  serverName: 'iZ948wnf8ufZ',
  procName: '',
  precedingErrors: [] }
RequestError: Conversion failed when converting datetime from character string.
    at E:\code\node_modules\mssql\lib\tedious.js:739:17
    at emitOne (events.js:96:13)
    at Connection.emit (events.js:191:7)
    at Parser.<anonymous> (E:\code\node_modules\mssql\node_modules\tedious\lib\connection.js:204:16)
    at emitOne (events.js:96:13)
    at Parser.emit (events.js:191:7)
    at Parser.<anonymous> (E:\code\node_modules\mssql\node_modules\tedious\lib\token\token-stream-parser.js:42:15)
    at emitOne (events.js:96:13)
    at Parser.emit (events.js:191:7)
    at readableAddChunk (E:\code\node_modules\mssql\node_modules\tedious\node_modules\readable-stream\lib\_stream_readable.js:213:18)
[2017-05-21 08:30:54.513] [INFO] dateFileLog - [::ffff:127.0.0.1] Date = *DFTD_LYBJ,2000000100,13554766446#
[2017-05-21 08:30:54.747] [ERROR] dateFileLog - 获取车辆信息失败：该车不存在
[2017-05-21 09:01:48.268] [INFO] dateFileLog - [::ffff:127.0.0.1] Date = *DFTD_LYBJ,3802821374,13554766446#
[2017-05-21 09:01:48.465] [ERROR] dateFileLog - 获取车辆信息失败：该车不存在
[2017-05-21 09:02:22.692] [INFO] dateFileLog - [::ffff:127.0.0.1] Date = *DFTD_LYBJ,3802821374,13554766446#
[2017-05-21 09:02:23.038] [ERROR] dateFileLog - send_alarm_msg =  { RequestError: Invalid column name 'GPRSID'.
    at E:\code\node_modules\mssql\lib\tedious.js:739:17
    at emitOne (events.js:96:13)
    at Connection.emit (events.js:191:7)
    at Parser.<anonymous> (E:\code\node_modules\mssql\node_modules\tedious\lib\connection.js:204:16)
    at emitOne (events.js:96:13)
    at Parser.emit (events.js:191:7)
    at Parser.<anonymous> (E:\code\node_modules\mssql\node_modules\tedious\lib\token\token-stream-parser.js:42:15)
    at emitOne (events.js:96:13)
    at Parser.emit (events.js:191:7)
    at readableAddChunk (E:\code\node_modules\mssql\node_modules\tedious\node_modules\readable-stream\lib\_stream_readable.js:213:18)
  name: 'RequestError',
  message: 'Invalid column name \'GPRSID\'.',
  code: 'EREQUEST',
  number: 207,
  lineNumber: 1,
  state: 1,
  class: 16,
  serverName: 'iZ948wnf8ufZ',
  procName: '',
  precedingErrors: [] }
RequestError: Invalid column name 'GPRSID'.
    at E:\code\node_modules\mssql\lib\tedious.js:739:17
    at emitOne (events.js:96:13)
    at Connection.emit (events.js:191:7)
    at Parser.<anonymous> (E:\code\node_modules\mssql\node_modules\tedious\lib\connection.js:204:16)
    at emitOne (events.js:96:13)
    at Parser.emit (events.js:191:7)
    at Parser.<anonymous> (E:\code\node_modules\mssql\node_modules\tedious\lib\token\token-stream-parser.js:42:15)
    at emitOne (events.js:96:13)
    at Parser.emit (events.js:191:7)
    at readableAddChunk (E:\code\node_modules\mssql\node_modules\tedious\node_modules\readable-stream\lib\_stream_readable.js:213:18)
[2017-05-21 09:03:14.413] [INFO] dateFileLog - [::ffff:127.0.0.1] Date = *DFTD_LYBJ,3802821374,13554766446#
[2017-05-21 09:03:14.721] [ERROR] dateFileLog - send_alarm_msg =  { RequestError: Conversion failed when converting datetime from character string.
    at E:\code\node_modules\mssql\lib\tedious.js:739:17
    at emitOne (events.js:96:13)
    at Connection.emit (events.js:191:7)
    at Parser.<anonymous> (E:\code\node_modules\mssql\node_modules\tedious\lib\connection.js:204:16)
    at emitOne (events.js:96:13)
    at Parser.emit (events.js:191:7)
    at Parser.<anonymous> (E:\code\node_modules\mssql\node_modules\tedious\lib\token\token-stream-parser.js:42:15)
    at emitOne (events.js:96:13)
    at Parser.emit (events.js:191:7)
    at readableAddChunk (E:\code\node_modules\mssql\node_modules\tedious\node_modules\readable-stream\lib\_stream_readable.js:213:18)
  name: 'RequestError',
  message: 'Conversion failed when converting datetime from character string.',
  code: 'EREQUEST',
  number: 241,
  lineNumber: 1,
  state: 1,
  class: 16,
  serverName: 'iZ948wnf8ufZ',
  procName: '',
  precedingErrors: [] }
RequestError: Conversion failed when converting datetime from character string.
    at E:\code\node_modules\mssql\lib\tedious.js:739:17
    at emitOne (events.js:96:13)
    at Connection.emit (events.js:191:7)
    at Parser.<anonymous> (E:\code\node_modules\mssql\node_modules\tedious\lib\connection.js:204:16)
    at emitOne (events.js:96:13)
    at Parser.emit (events.js:191:7)
    at Parser.<anonymous> (E:\code\node_modules\mssql\node_modules\tedious\lib\token\token-stream-parser.js:42:15)
    at emitOne (events.js:96:13)
    at Parser.emit (events.js:191:7)
    at readableAddChunk (E:\code\node_modules\mssql\node_modules\tedious\node_modules\readable-stream\lib\_stream_readable.js:213:18)
[2017-05-21 09:04:09.732] [INFO] dateFileLog - [::ffff:127.0.0.1] Date = *DFTD_LYBJ,3802821374,13554766446#
[2017-05-21 09:04:10.046] [INFO] dateFileLog - Result =  [ { ID: 4 } ]
[2017-05-21 09:04:10.050] [INFO] dateFileLog - 给司机发送报警短信...
[2017-05-21 09:04:10.051] [INFO] dateFileLog - { mobile: '13554766446',
  content: '粤BP6120在2017-05-21 09:04:09出现漏油异常【鼎丰泰达】' }
[2017-05-21 09:04:10.293] [ERROR] dateFileLog - send_sms err result=-16&
[2017-05-21 09:07:38.205] [INFO] dateFileLog - [::ffff:127.0.0.1] Date = *DFTD_LYBJ,3802821374,13554766446#
[2017-05-21 09:07:38.511] [INFO] dateFileLog - Result =  [ { ID: 5 } ]
[2017-05-21 09:07:38.515] [INFO] dateFileLog - 给司机发送报警短信...
[2017-05-21 09:07:38.516] [INFO] dateFileLog - { mobile: '13554766446',
  content: '粤BP6120在2017-05-21 09:07:38出现漏油异常【鼎丰泰达】' }
[2017-05-21 09:09:16.485] [INFO] dateFileLog - [::ffff:127.0.0.1] Date = *DFTD_LYBJ,3802821374,13554766446#
[2017-05-21 09:09:16.800] [INFO] dateFileLog - Result =  [ { ID: 6 } ]
[2017-05-21 09:09:16.805] [INFO] dateFileLog - 给司机发送报警短信...
[2017-05-21 09:09:16.806] [INFO] dateFileLog - { mobile: '13554766446',
  content: '粤BP6120在2017-05-21 09:09:16出现漏油异常【鼎丰泰达】' }
[2017-05-21 09:10:04.773] [INFO] dateFileLog - [::ffff:127.0.0.1] Date = *DFTD_LYBJ,3802821374,13554766446#
[2017-05-21 09:10:05.088] [INFO] dateFileLog - Result =  [ { ID: 7 } ]
[2017-05-21 09:10:05.092] [INFO] dateFileLog - 给司机发送报警短信...
[2017-05-21 09:10:05.093] [INFO] dateFileLog - { mobile: '13554766446',
  content: '粤BP6120在2017-05-21 09:10:04出现漏油异常【鼎丰泰达】' }
[2017-05-21 09:10:05.225] [ERROR] dateFileLog - send_sms err result=-16& undefined
[2017-05-21 09:10:06.074] [ERROR] dateFileLog - send_servicearea_msg =  { RequestError: Invalid column name 'vehicle_id'.
    at E:\code\node_modules\mssql\lib\tedious.js:739:17
    at emitOne (events.js:96:13)
    at Connection.emit (events.js:191:7)
    at Parser.<anonymous> (E:\code\node_modules\mssql\node_modules\tedious\lib\connection.js:204:16)
    at emitOne (events.js:96:13)
    at Parser.emit (events.js:191:7)
    at Parser.<anonymous> (E:\code\node_modules\mssql\node_modules\tedious\lib\token\token-stream-parser.js:42:15)
    at emitOne (events.js:96:13)
    at Parser.emit (events.js:191:7)
    at readableAddChunk (E:\code\node_modules\mssql\node_modules\tedious\node_modules\readable-stream\lib\_stream_readable.js:213:18)
  name: 'RequestError',
  message: 'Invalid column name \'vehicle_id\'.',
  code: 'EREQUEST',
  number: 207,
  lineNumber: 1,
  state: 1,
  class: 16,
  serverName: 'iZ948wnf8ufZ',
  procName: '',
  precedingErrors: [] }
RequestError: Invalid column name 'vehicle_id'.
    at E:\code\node_modules\mssql\lib\tedious.js:739:17
    at emitOne (events.js:96:13)
    at Connection.emit (events.js:191:7)
    at Parser.<anonymous> (E:\code\node_modules\mssql\node_modules\tedious\lib\connection.js:204:16)
    at emitOne (events.js:96:13)
    at Parser.emit (events.js:191:7)
    at Parser.<anonymous> (E:\code\node_modules\mssql\node_modules\tedious\lib\token\token-stream-parser.js:42:15)
    at emitOne (events.js:96:13)
    at Parser.emit (events.js:191:7)
    at readableAddChunk (E:\code\node_modules\mssql\node_modules\tedious\node_modules\readable-stream\lib\_stream_readable.js:213:18)
[2017-05-21 10:29:45.011] [INFO] dateFileLog - [::ffff:127.0.0.1] Date = *DFTD_LYBJ,3802821374,13554766446#
[2017-05-21 10:29:45.336] [INFO] dateFileLog - Result =  [ { ID: 8 } ]
[2017-05-21 10:29:45.340] [INFO] dateFileLog - 给司机发送报警短信...
[2017-05-21 10:29:45.341] [INFO] dateFileLog - { mobile: '13554766446',
  content: '粤BP6120在2017-05-21 10:29:45出现漏油异常【鼎丰泰达】' }
[2017-05-21 10:29:46.329] [ERROR] dateFileLog - send_servicearea_msg =  { RequestError: Invalid column name 'vehicle_id'.
    at E:\code\node_modules\mssql\lib\tedious.js:739:17
    at emitOne (events.js:96:13)
    at Connection.emit (events.js:191:7)
    at Parser.<anonymous> (E:\code\node_modules\mssql\node_modules\tedious\lib\connection.js:204:16)
    at emitOne (events.js:96:13)
    at Parser.emit (events.js:191:7)
    at Parser.<anonymous> (E:\code\node_modules\mssql\node_modules\tedious\lib\token\token-stream-parser.js:42:15)
    at emitOne (events.js:96:13)
    at Parser.emit (events.js:191:7)
    at readableAddChunk (E:\code\node_modules\mssql\node_modules\tedious\node_modules\readable-stream\lib\_stream_readable.js:213:18)
  name: 'RequestError',
  message: 'Invalid column name \'vehicle_id\'.',
  code: 'EREQUEST',
  number: 207,
  lineNumber: 1,
  state: 1,
  class: 16,
  serverName: 'iZ948wnf8ufZ',
  procName: '',
  precedingErrors: [] }
RequestError: Invalid column name 'vehicle_id'.
    at E:\code\node_modules\mssql\lib\tedious.js:739:17
    at emitOne (events.js:96:13)
    at Connection.emit (events.js:191:7)
    at Parser.<anonymous> (E:\code\node_modules\mssql\node_modules\tedious\lib\connection.js:204:16)
    at emitOne (events.js:96:13)
    at Parser.emit (events.js:191:7)
    at Parser.<anonymous> (E:\code\node_modules\mssql\node_modules\tedious\lib\token\token-stream-parser.js:42:15)
    at emitOne (events.js:96:13)
    at Parser.emit (events.js:191:7)
    at readableAddChunk (E:\code\node_modules\mssql\node_modules\tedious\node_modules\readable-stream\lib\_stream_readable.js:213:18)
[2017-05-21 10:29:48.085] [ERROR] dateFileLog - send_sms err result=-16& IP服务器鉴权错误
[2017-05-21 10:32:32.208] [INFO] dateFileLog - [::ffff:127.0.0.1] Date = *DFTD_LYBJ,3802821374,13554766446#
[2017-05-21 10:32:32.528] [INFO] dateFileLog - Result =  [ { ID: 9 } ]
[2017-05-21 10:32:32.532] [INFO] dateFileLog - 给司机发送报警短信...
[2017-05-21 10:32:32.533] [INFO] dateFileLog - { mobile: '13554766446',
  content: '粤BP6120在2017-05-21 10:32:32出现漏油异常【鼎丰泰达】' }
[2017-05-21 10:32:32.684] [ERROR] dateFileLog - send_sms err result=-16& IP服务器鉴权错误
[2017-05-21 10:32:33.529] [INFO] dateFileLog - 司机设置的服务区信息 =  []
[2017-05-21 10:50:17.489] [INFO] dateFileLog - [::ffff:127.0.0.1] Date = *DFTD_LYBJ,3802821374,13554766446#
[2017-05-21 10:50:17.791] [INFO] dateFileLog - Result =  [ { ID: 10 } ]
[2017-05-21 10:50:17.796] [INFO] dateFileLog - 给司机发送报警短信...
[2017-05-21 10:50:17.797] [INFO] dateFileLog - { mobile: '13554766446',
  content: '粤BP6120在2017-05-21 10:50:17出现漏油异常【鼎丰泰达】' }
[2017-05-21 10:50:18.039] [ERROR] dateFileLog - send_sms err result=-16& IP服务器鉴权错误
[2017-05-21 10:50:18.804] [INFO] dateFileLog - 司机设置的服务区信息 =  []
[2017-05-21 10:51:15.785] [INFO] dateFileLog - [::ffff:127.0.0.1] Date = *DFTD_LYBJ,3802821374,13554766446#
[2017-05-21 10:51:16.116] [INFO] dateFileLog - Result =  [ { ID: 11 } ]
[2017-05-21 10:51:16.121] [INFO] dateFileLog - 给司机发送报警短信...
[2017-05-21 10:51:16.122] [INFO] dateFileLog - { mobile: '13554766446',
  content: '粤BP6120在2017-05-21 10:51:15出现漏油异常【鼎丰泰达】' }
[2017-05-21 10:51:16.272] [ERROR] dateFileLog - send_sms err result=-16& IP服务器鉴权错误
[2017-05-21 10:51:17.336] [INFO] dateFileLog - 司机设置的服务区信息 =  []
[2017-05-21 10:51:39.311] [INFO] dateFileLog - [::ffff:127.0.0.1] Date = *DFTD_LYBJ,3802821374,13554766446#
[2017-05-21 10:51:39.771] [INFO] dateFileLog - Result =  [ { ID: 1 } ]
[2017-05-21 10:51:39.775] [INFO] dateFileLog - 给司机发送报警短信...
[2017-05-21 10:51:39.776] [INFO] dateFileLog - { mobile: '13554766446',
  content: '粤BP6120在2017-05-21 10:51:39出现漏油异常【鼎丰泰达】' }
[2017-05-21 10:51:39.876] [ERROR] dateFileLog - send_sms err result=-16& IP服务器鉴权错误
[2017-05-21 10:51:40.762] [INFO] dateFileLog - 司机设置的服务区信息 =  []
[2017-05-21 10:56:34.530] [INFO] dateFileLog - [::ffff:127.0.0.1] Date = HQ,2000000407,V1,155959,A,3451.0352,N,11909.9121,E,0000,292,200517,FFFFFBFF#,T0.0#
[2017-05-21 10:58:10.122] [INFO] dateFileLog - [::ffff:127.0.0.1] Date = HQ,2000000407,V1,155959,A,3451.0352,N,11909.9121,E,0000,292,200517,FFFFFBFF#,T0.0#
[2017-05-21 10:58:33.288] [INFO] dateFileLog - [::ffff:127.0.0.1] Date = *HQ,2000000407,V1,155959,A,3451.0352,N,11909.9121,E,0000,292,200517,FFFFFBFF#,T0.0#
[2017-05-21 11:00:14.106] [INFO] dateFileLog - [::ffff:127.0.0.1] Date = *HQ,2000000407,V1,155959,A,3451.0352,N,11909.9121,E,0000,292,200517,FFFFFBFF#,T0.0#
[2017-05-21 11:00:37.962] [INFO] dateFileLog - [::ffff:127.0.0.1] Date = *HQ,2000000407,V1,155959,A,3451.0352,N,11909.9121,E,0000,292,200517,FFFFFBFF#,T0.0#
[2017-05-21 11:00:38.201] [ERROR] dateFileLog - Error =  TypeError: Cannot read property 'length' of undefined
    at Object.module.exports.add_data_tianhe (E:\code\GPS\Server\parse\gps_data.js:33:21)
    at process._tickCallback (internal/process/next_tick.js:109:7)
TypeError: Cannot read property 'length' of undefined
    at Object.module.exports.add_data_tianhe (E:\code\GPS\Server\parse\gps_data.js:33:21)
    at process._tickCallback (internal/process/next_tick.js:109:7)
[2017-05-21 11:01:52.266] [INFO] dateFileLog - [::ffff:127.0.0.1] Date = *HQ,2000000407,V1,155959,A,3451.0352,N,11909.9121,E,0000,292,200517,FFFFFBFF#,T0.0#
[2017-05-21 11:01:52.516] [ERROR] dateFileLog - Error =  ReferenceError: sql is not defined
    at E:\code\GPS\Server\models\gps_data.js:54:36
    at Function.gps_data.add_data (E:\code\GPS\Server\models\gps_data.js:34:12)
    at Object.module.exports.add_data_tianhe (E:\code\GPS\Server\parse\gps_data.js:41:37)
    at process._tickCallback (internal/process/next_tick.js:109:7)
ReferenceError: sql is not defined
    at E:\code\GPS\Server\models\gps_data.js:54:36
    at Function.gps_data.add_data (E:\code\GPS\Server\models\gps_data.js:34:12)
    at Object.module.exports.add_data_tianhe (E:\code\GPS\Server\parse\gps_data.js:41:37)
    at process._tickCallback (internal/process/next_tick.js:109:7)
[2017-05-21 11:04:00.794] [INFO] dateFileLog - [::ffff:127.0.0.1] Date = *HQ,2000000407,V1,155959,A,3451.0352,N,11909.9121,E,0000,292,200517,FFFFFBFF#,T0.0#
[2017-05-21 11:09:04.123] [INFO] dateFileLog - [::ffff:127.0.0.1] Date = *HQ,2000000407,V1,155959,A,3451.0352,N,11909.9121,E,0000,292,200517,FFFFFBFF#,T0.0#
[2017-05-21 11:10:41.100] [INFO] dateFileLog - [::ffff:127.0.0.1] Date = *HQ,2000000407,V1,155959,A,3451.0352,N,11909.9121,E,0000,292,200517,FFFFFBFF#,T0.0#
[2017-05-21 11:10:41.879] [INFO] dateFileLog - Result =  [ returnValue: 4 ]
[2017-05-21 11:55:04.646] [INFO] dateFileLog - [::ffff:127.0.0.1] Date = *HQ,2000000407,V1,155959,A,3451.0352,N,11909.9121,E,0000,292,200517,FFFFFBFF#,T0.0#
[2017-05-21 11:55:04.996] [INFO] dateFileLog - Result =  [ returnValue: 5 ]
[2017-05-21 11:56:28.495] [INFO] dateFileLog - [::ffff:127.0.0.1] Date = *DFTD_OIL,2000000666, A,200.2L, A,094506,240116, 2239.5530,N,11404.4116,E #
[2017-05-21 11:56:32.840] [ERROR] dateFileLog - Error =  TypeError: gps_data.get_carlist is not a function
    at Object.module.exports.add_realoil_data (E:\code\GPS\Server\parse\gps_oil.js:23:41)
    at Object.module.exports.parse (E:\code\GPS\Server\protocol.js:24:21)
    at Socket.<anonymous> (E:\code\GPS\Server\app.js:43:18)
    at emitOne (events.js:96:13)
    at Socket.emit (events.js:191:7)
    at readableAddChunk (_stream_readable.js:178:18)
    at Socket.Readable.push (_stream_readable.js:136:10)
    at TCP.onread (net.js:561:20)
TypeError: gps_data.get_carlist is not a function
    at Object.module.exports.add_realoil_data (E:\code\GPS\Server\parse\gps_oil.js:23:41)
    at Object.module.exports.parse (E:\code\GPS\Server\protocol.js:24:21)
    at Socket.<anonymous> (E:\code\GPS\Server\app.js:43:18)
    at emitOne (events.js:96:13)
    at Socket.emit (events.js:191:7)
    at readableAddChunk (_stream_readable.js:178:18)
    at Socket.Readable.push (_stream_readable.js:136:10)
    at TCP.onread (net.js:561:20)
[2017-05-21 11:57:32.376] [INFO] dateFileLog - [::ffff:127.0.0.1] Date = *DFTD_OIL,2000000666, A,200.2L, A,094506,240116, 2239.5530,N,11404.4116,E #
[2017-05-21 11:57:32.599] [ERROR] dateFileLog - 获取车辆信息失败：该车不存在
[2017-05-21 11:58:30.406] [INFO] dateFileLog - [::ffff:127.0.0.1] Date = *DFTD_OIL,2000000407, A,200.2L, A,094506,240116, 2239.5530,N,11404.4116,E #
[2017-05-21 11:58:34.675] [ERROR] dateFileLog - 获取车辆信息失败：该车不存在
[2017-05-21 11:59:22.703] [INFO] dateFileLog - [::ffff:127.0.0.1] Date = *DFTD_OIL,2000000407, A,200.2L, A,094506,240116, 2239.5530,N,11404.4116,E #
[2017-05-21 12:00:45.663] [INFO] dateFileLog - [::ffff:127.0.0.1] Date = *DFTD_OIL,2000000407, A,200.2L, A,094506,240116, 2239.5530,N,11404.4116,E #
[2017-05-21 12:07:21.985] [INFO] dateFileLog - [::ffff:127.0.0.1] Date = *DFTD_OIL,2000000407, A,200.2L, A,094506,240116, 2239.5530,N,11404.4116,E #
[2017-05-21 12:07:22.795] [ERROR] dateFileLog - Error =  { RequestError: The name "undefined" is not permitted in this context. Valid expressions are constants, constant expressions, and (in some contexts) variables. Column names are not permitted.
    at E:\code\node_modules\mssql\lib\tedious.js:739:17
    at emitOne (events.js:96:13)
    at Connection.emit (events.js:191:7)
    at Parser.<anonymous> (E:\code\node_modules\mssql\node_modules\tedious\lib\connection.js:204:16)
    at emitOne (events.js:96:13)
    at Parser.emit (events.js:191:7)
    at Parser.<anonymous> (E:\code\node_modules\mssql\node_modules\tedious\lib\token\token-stream-parser.js:42:15)
    at emitOne (events.js:96:13)
    at Parser.emit (events.js:191:7)
    at readableAddChunk (E:\code\node_modules\mssql\node_modules\tedious\node_modules\readable-stream\lib\_stream_readable.js:213:18)
  name: 'RequestError',
  message: 'The name "undefined" is not permitted in this context. Valid expressions are constants, constant expressions, and (in some contexts) variables. Column names are not permitted.',
  code: 'EREQUEST',
  number: 128,
  lineNumber: 1,
  state: 1,
  class: 15,
  serverName: 'iZ948wnf8ufZ',
  procName: '',
  precedingErrors: [] }
RequestError: The name "undefined" is not permitted in this context. Valid expressions are constants, constant expressions, and (in some contexts) variables. Column names are not permitted.
    at E:\code\node_modules\mssql\lib\tedious.js:739:17
    at emitOne (events.js:96:13)
    at Connection.emit (events.js:191:7)
    at Parser.<anonymous> (E:\code\node_modules\mssql\node_modules\tedious\lib\connection.js:204:16)
    at emitOne (events.js:96:13)
    at Parser.emit (events.js:191:7)
    at Parser.<anonymous> (E:\code\node_modules\mssql\node_modules\tedious\lib\token\token-stream-parser.js:42:15)
    at emitOne (events.js:96:13)
    at Parser.emit (events.js:191:7)
    at readableAddChunk (E:\code\node_modules\mssql\node_modules\tedious\node_modules\readable-stream\lib\_stream_readable.js:213:18)
[2017-05-21 12:07:59.528] [INFO] dateFileLog - [::ffff:127.0.0.1] Date = *DFTD_OIL,2000000407, A,200.2L, A,094506,240116, 2239.5530,N,11404.4116,E #
[2017-05-21 12:07:59.862] [ERROR] dateFileLog - Error =  { RequestError: The name "undefined" is not permitted in this context. Valid expressions are constants, constant expressions, and (in some contexts) variables. Column names are not permitted.
    at E:\code\node_modules\mssql\lib\tedious.js:739:17
    at emitOne (events.js:96:13)
    at Connection.emit (events.js:191:7)
    at Parser.<anonymous> (E:\code\node_modules\mssql\node_modules\tedious\lib\connection.js:204:16)
    at emitOne (events.js:96:13)
    at Parser.emit (events.js:191:7)
    at Parser.<anonymous> (E:\code\node_modules\mssql\node_modules\tedious\lib\token\token-stream-parser.js:42:15)
    at emitOne (events.js:96:13)
    at Parser.emit (events.js:191:7)
    at readableAddChunk (E:\code\node_modules\mssql\node_modules\tedious\node_modules\readable-stream\lib\_stream_readable.js:213:18)
  name: 'RequestError',
  message: 'The name "undefined" is not permitted in this context. Valid expressions are constants, constant expressions, and (in some contexts) variables. Column names are not permitted.',
  code: 'EREQUEST',
  number: 128,
  lineNumber: 1,
  state: 1,
  class: 15,
  serverName: 'iZ948wnf8ufZ',
  procName: '',
  precedingErrors: [] }
RequestError: The name "undefined" is not permitted in this context. Valid expressions are constants, constant expressions, and (in some contexts) variables. Column names are not permitted.
    at E:\code\node_modules\mssql\lib\tedious.js:739:17
    at emitOne (events.js:96:13)
    at Connection.emit (events.js:191:7)
    at Parser.<anonymous> (E:\code\node_modules\mssql\node_modules\tedious\lib\connection.js:204:16)
    at emitOne (events.js:96:13)
    at Parser.emit (events.js:191:7)
    at Parser.<anonymous> (E:\code\node_modules\mssql\node_modules\tedious\lib\token\token-stream-parser.js:42:15)
    at emitOne (events.js:96:13)
    at Parser.emit (events.js:191:7)
    at readableAddChunk (E:\code\node_modules\mssql\node_modules\tedious\node_modules\readable-stream\lib\_stream_readable.js:213:18)
[2017-05-21 12:09:33.546] [INFO] dateFileLog - [::ffff:127.0.0.1] Date = *DFTD_OIL,2000000407, A,200.2L, A,094506,240116, 2239.5530,N,11404.4116,E #
[2017-05-21 12:09:33.919] [ERROR] dateFileLog - Error =  { RequestError: Incorrect syntax near ')'.
    at E:\code\node_modules\mssql\lib\tedious.js:739:17
    at emitOne (events.js:96:13)
    at Connection.emit (events.js:191:7)
    at Parser.<anonymous> (E:\code\node_modules\mssql\node_modules\tedious\lib\connection.js:204:16)
    at emitOne (events.js:96:13)
    at Parser.emit (events.js:191:7)
    at Parser.<anonymous> (E:\code\node_modules\mssql\node_modules\tedious\lib\token\token-stream-parser.js:42:15)
    at emitOne (events.js:96:13)
    at Parser.emit (events.js:191:7)
    at readableAddChunk (E:\code\node_modules\mssql\node_modules\tedious\node_modules\readable-stream\lib\_stream_readable.js:213:18)
  name: 'RequestError',
  message: 'Incorrect syntax near \')\'.',
  code: 'EREQUEST',
  number: 102,
  lineNumber: 1,
  state: 1,
  class: 15,
  serverName: 'iZ948wnf8ufZ',
  procName: '',
  precedingErrors: [] }
RequestError: Incorrect syntax near ')'.
    at E:\code\node_modules\mssql\lib\tedious.js:739:17
    at emitOne (events.js:96:13)
    at Connection.emit (events.js:191:7)
    at Parser.<anonymous> (E:\code\node_modules\mssql\node_modules\tedious\lib\connection.js:204:16)
    at emitOne (events.js:96:13)
    at Parser.emit (events.js:191:7)
    at Parser.<anonymous> (E:\code\node_modules\mssql\node_modules\tedious\lib\token\token-stream-parser.js:42:15)
    at emitOne (events.js:96:13)
    at Parser.emit (events.js:191:7)
    at readableAddChunk (E:\code\node_modules\mssql\node_modules\tedious\node_modules\readable-stream\lib\_stream_readable.js:213:18)
[2017-05-21 12:10:34.472] [INFO] dateFileLog - [::ffff:127.0.0.1] Date = *DFTD_OIL,2000000407, A,200.2L, A,094506,240116, 2239.5530,N,11404.4116,E #
[2017-05-21 12:10:34.839] [ERROR] dateFileLog - Error =  { RequestError: There are more columns in the INSERT statement than values specified in the VALUES clause. The number of values in the VALUES clause must match the number of columns specified in the INSERT statement.
    at E:\code\node_modules\mssql\lib\tedious.js:739:17
    at emitOne (events.js:96:13)
    at Connection.emit (events.js:191:7)
    at Parser.<anonymous> (E:\code\node_modules\mssql\node_modules\tedious\lib\connection.js:204:16)
    at emitOne (events.js:96:13)
    at Parser.emit (events.js:191:7)
    at Parser.<anonymous> (E:\code\node_modules\mssql\node_modules\tedious\lib\token\token-stream-parser.js:42:15)
    at emitOne (events.js:96:13)
    at Parser.emit (events.js:191:7)
    at readableAddChunk (E:\code\node_modules\mssql\node_modules\tedious\node_modules\readable-stream\lib\_stream_readable.js:213:18)
  name: 'RequestError',
  message: 'There are more columns in the INSERT statement than values specified in the VALUES clause. The number of values in the VALUES clause must match the number of columns specified in the INSERT statement.',
  code: 'EREQUEST',
  number: 109,
  lineNumber: 1,
  state: 1,
  class: 15,
  serverName: 'iZ948wnf8ufZ',
  procName: '',
  precedingErrors: [] }
RequestError: There are more columns in the INSERT statement than values specified in the VALUES clause. The number of values in the VALUES clause must match the number of columns specified in the INSERT statement.
    at E:\code\node_modules\mssql\lib\tedious.js:739:17
    at emitOne (events.js:96:13)
    at Connection.emit (events.js:191:7)
    at Parser.<anonymous> (E:\code\node_modules\mssql\node_modules\tedious\lib\connection.js:204:16)
    at emitOne (events.js:96:13)
    at Parser.emit (events.js:191:7)
    at Parser.<anonymous> (E:\code\node_modules\mssql\node_modules\tedious\lib\token\token-stream-parser.js:42:15)
    at emitOne (events.js:96:13)
    at Parser.emit (events.js:191:7)
    at readableAddChunk (E:\code\node_modules\mssql\node_modules\tedious\node_modules\readable-stream\lib\_stream_readable.js:213:18)
[2017-05-21 12:11:46.113] [INFO] dateFileLog - [::ffff:127.0.0.1] Date = *DFTD_OIL,2000000407, A,200.2L, A,094506,240116, 2239.5530,N,11404.4116,E #
[2017-05-21 12:11:46.528] [ERROR] dateFileLog - Error =  { RequestError: Cannot insert the value NULL into column 'OilStatus', table 'gserver_packet.dbo.GPS_Oil_Data'; column does not allow nulls. INSERT fails.
    at E:\code\node_modules\mssql\lib\tedious.js:739:17
    at emitOne (events.js:96:13)
    at Connection.emit (events.js:191:7)
    at Parser.<anonymous> (E:\code\node_modules\mssql\node_modules\tedious\lib\connection.js:204:16)
    at emitOne (events.js:96:13)
    at Parser.emit (events.js:191:7)
    at Parser.<anonymous> (E:\code\node_modules\mssql\node_modules\tedious\lib\token\token-stream-parser.js:42:15)
    at emitOne (events.js:96:13)
    at Parser.emit (events.js:191:7)
    at readableAddChunk (E:\code\node_modules\mssql\node_modules\tedious\node_modules\readable-stream\lib\_stream_readable.js:213:18)
  name: 'RequestError',
  message: 'Cannot insert the value NULL into column \'OilStatus\', table \'gserver_packet.dbo.GPS_Oil_Data\'; column does not allow nulls. INSERT fails.',
  code: 'EREQUEST',
  number: 515,
  lineNumber: 1,
  state: 2,
  class: 16,
  serverName: 'iZ948wnf8ufZ',
  procName: '',
  precedingErrors: [] }
RequestError: Cannot insert the value NULL into column 'OilStatus', table 'gserver_packet.dbo.GPS_Oil_Data'; column does not allow nulls. INSERT fails.
    at E:\code\node_modules\mssql\lib\tedious.js:739:17
    at emitOne (events.js:96:13)
    at Connection.emit (events.js:191:7)
    at Parser.<anonymous> (E:\code\node_modules\mssql\node_modules\tedious\lib\connection.js:204:16)
    at emitOne (events.js:96:13)
    at Parser.emit (events.js:191:7)
    at Parser.<anonymous> (E:\code\node_modules\mssql\node_modules\tedious\lib\token\token-stream-parser.js:42:15)
    at emitOne (events.js:96:13)
    at Parser.emit (events.js:191:7)
    at readableAddChunk (E:\code\node_modules\mssql\node_modules\tedious\node_modules\readable-stream\lib\_stream_readable.js:213:18)
[2017-05-21 12:13:17.713] [INFO] dateFileLog - [::ffff:127.0.0.1] Date = *DFTD_OIL,2000000407, A,200.2L, A,094506,240116, 2239.5530,N,11404.4116,E #
[2017-05-21 12:13:18.032] [INFO] dateFileLog - Result =  [ { ID: 3 } ]
[2017-05-21 12:13:35.664] [INFO] dateFileLog - [::ffff:127.0.0.1] Date = *DFTD_OIL,2000000407, A,200.2L, A,094506,240116, 2239.5530,N,11404.4116,E #
[2017-05-21 12:13:35.810] [INFO] dateFileLog - Result =  [ { ID: 4 } ]
[2017-05-21 12:14:01.814] [INFO] dateFileLog - [::ffff:127.0.0.1] Date = *DFTD_OIL,2000000407, A,200.2L, A,094506,240116, 2239.5530,N,11404.4116,E #
[2017-05-21 12:14:01.986] [INFO] dateFileLog - Result =  [ { ID: 1 } ]
[2017-05-21 12:15:32.687] [INFO] dateFileLog - [::ffff:127.0.0.1] Date = *DFTD_OIL,2000000407,A,200.2L,A,094506,240116, 2239.5530,N,11404.4116,E #
[2017-05-21 12:15:33.042] [INFO] dateFileLog - Result =  [ { ID: 2 } ]
[2017-05-21 12:19:18.792] [INFO] dateFileLog - [::ffff:127.0.0.1] Date = *DFTD_ADD_OIL,2000000407,115.5L,15.5L,131.0L,A,094506,240116,2239.5530,N,11404.4116,E #
[2017-05-21 12:20:54.697] [INFO] dateFileLog - [::ffff:127.0.0.1] Date = *DFTD_ADD_OIL,2000000407,115.5L,15.5L,131.0L,A,094506,240116,2239.5530,N,11404.4116,E #
[2017-05-21 12:22:11.706] [INFO] dateFileLog - [::ffff:127.0.0.1] Date = *DFTD_ADD_OIL,2000000407,115.5L,15.5L,131.0L,A,094506,240116,2239.5530,N,11404.4116,E #
[2017-05-21 12:22:15.456] [INFO] dateFileLog - Result =  [ { ID: 1 } ]
[2017-05-21 12:24:53.841] [INFO] dateFileLog - [::ffff:127.0.0.1] Date = *DFTD_ADD_LEAK_OIL,2000000407,-115.5L,131.0L,15.5L,A,094506,240116,2239.5530,N,11404.4116,E #
[2017-05-21 12:24:54.182] [ERROR] dateFileLog - Error =  { RequestError: Conversion failed when converting datetime from character string.
    at E:\code\node_modules\mssql\lib\tedious.js:739:17
    at emitOne (events.js:96:13)
    at Connection.emit (events.js:191:7)
    at Parser.<anonymous> (E:\code\node_modules\mssql\node_modules\tedious\lib\connection.js:204:16)
    at emitOne (events.js:96:13)
    at Parser.emit (events.js:191:7)
    at Parser.<anonymous> (E:\code\node_modules\mssql\node_modules\tedious\lib\token\token-stream-parser.js:42:15)
    at emitOne (events.js:96:13)
    at Parser.emit (events.js:191:7)
    at readableAddChunk (E:\code\node_modules\mssql\node_modules\tedious\node_modules\readable-stream\lib\_stream_readable.js:213:18)
  name: 'RequestError',
  message: 'Conversion failed when converting datetime from character string.',
  code: 'EREQUEST',
  number: 241,
  lineNumber: 1,
  state: 1,
  class: 16,
  serverName: 'iZ948wnf8ufZ',
  procName: '',
  precedingErrors: [] }
RequestError: Conversion failed when converting datetime from character string.
    at E:\code\node_modules\mssql\lib\tedious.js:739:17
    at emitOne (events.js:96:13)
    at Connection.emit (events.js:191:7)
    at Parser.<anonymous> (E:\code\node_modules\mssql\node_modules\tedious\lib\connection.js:204:16)
    at emitOne (events.js:96:13)
    at Parser.emit (events.js:191:7)
    at Parser.<anonymous> (E:\code\node_modules\mssql\node_modules\tedious\lib\token\token-stream-parser.js:42:15)
    at emitOne (events.js:96:13)
    at Parser.emit (events.js:191:7)
    at readableAddChunk (E:\code\node_modules\mssql\node_modules\tedious\node_modules\readable-stream\lib\_stream_readable.js:213:18)
[2017-05-21 12:26:28.369] [INFO] dateFileLog - [::ffff:127.0.0.1] Date = *DFTD_ADD_LEAK_OIL,2000000407,-115.5L,131.0L,15.5L,A,094506,240116,2239.5530,N,11404.4116,E #
[2017-05-21 12:26:28.708] [ERROR] dateFileLog - Error =  { RequestError: Conversion failed when converting datetime from character string.
    at E:\code\node_modules\mssql\lib\tedious.js:739:17
    at emitOne (events.js:96:13)
    at Connection.emit (events.js:191:7)
    at Parser.<anonymous> (E:\code\node_modules\mssql\node_modules\tedious\lib\connection.js:204:16)
    at emitOne (events.js:96:13)
    at Parser.emit (events.js:191:7)
    at Parser.<anonymous> (E:\code\node_modules\mssql\node_modules\tedious\lib\token\token-stream-parser.js:42:15)
    at emitOne (events.js:96:13)
    at Parser.emit (events.js:191:7)
    at readableAddChunk (E:\code\node_modules\mssql\node_modules\tedious\node_modules\readable-stream\lib\_stream_readable.js:213:18)
  name: 'RequestError',
  message: 'Conversion failed when converting datetime from character string.',
  code: 'EREQUEST',
  number: 241,
  lineNumber: 1,
  state: 1,
  class: 16,
  serverName: 'iZ948wnf8ufZ',
  procName: '',
  precedingErrors: [] }
RequestError: Conversion failed when converting datetime from character string.
    at E:\code\node_modules\mssql\lib\tedious.js:739:17
    at emitOne (events.js:96:13)
    at Connection.emit (events.js:191:7)
    at Parser.<anonymous> (E:\code\node_modules\mssql\node_modules\tedious\lib\connection.js:204:16)
    at emitOne (events.js:96:13)
    at Parser.emit (events.js:191:7)
    at Parser.<anonymous> (E:\code\node_modules\mssql\node_modules\tedious\lib\token\token-stream-parser.js:42:15)
    at emitOne (events.js:96:13)
    at Parser.emit (events.js:191:7)
    at readableAddChunk (E:\code\node_modules\mssql\node_modules\tedious\node_modules\readable-stream\lib\_stream_readable.js:213:18)
[2017-05-21 12:27:11.866] [INFO] dateFileLog - [::ffff:127.0.0.1] Date = *DFTD_ADD_LEAK_OIL,2000000407,-115.5L,131.0L,15.5L,A,094506,240116,2239.5530,N,11404.4116,E #
[2017-05-21 12:27:12.433] [INFO] dateFileLog - Result =  [ { ID: 3 } ]
