[2017-04-18 16:17:52.964] [INFO] dateFileLog - [::ffff:127.0.0.1] Date = *DFTD_LYBJ,2000000100,13554766446#
[2017-04-18 16:17:53.190] [ERROR] dateFileLog - ReferenceError: args is not defined
    at Function.stat_online.get_info (E:\code\GPS\Server\models\stat_online.js:12:28)
    at setOnline (E:\code\GPS\Server\protocol\protocol.js:52:16)
    at Object.module.exports.parse (E:\code\GPS\Server\protocol\protocol.js:44:5)
    at Socket.<anonymous> (E:\code\GPS\Server\app.js:43:18)
    at emitOne (events.js:96:13)
    at Socket.emit (events.js:191:7)
    at readableAddChunk (_stream_readable.js:178:18)
    at Socket.Readable.push (_stream_readable.js:136:10)
    at TCP.onread (net.js:560:20)
ReferenceError: args is not defined
    at Function.stat_online.get_info (E:\code\GPS\Server\models\stat_online.js:12:28)
    at setOnline (E:\code\GPS\Server\protocol\protocol.js:52:16)
    at Object.module.exports.parse (E:\code\GPS\Server\protocol\protocol.js:44:5)
    at Socket.<anonymous> (E:\code\GPS\Server\app.js:43:18)
    at emitOne (events.js:96:13)
    at Socket.emit (events.js:191:7)
    at readableAddChunk (_stream_readable.js:178:18)
    at Socket.Readable.push (_stream_readable.js:136:10)
    at TCP.onread (net.js:560:20)
[2017-04-18 16:19:33.942] [INFO] dateFileLog - [::ffff:127.0.0.1] Date = *DFTD_LYBJ,2000000100,13554766446#
[2017-04-18 16:21:51.540] [INFO] dateFileLog - [::ffff:127.0.0.1] Date = *DFTD_LYBJ,2000000100,13554766446#
[2017-04-18 16:23:49.676] [INFO] dateFileLog - [::ffff:127.0.0.1] Date = var result = await gps_data.add_alarm(data);
[2017-04-18 16:24:06.746] [INFO] dateFileLog - [::ffff:127.0.0.1] Date = *DFTD_LYBJ,2000000100,13554766446#
[2017-04-18 16:27:20.761] [INFO] dateFileLog - [::ffff:127.0.0.1] Date = *DFTD_LYBJ,2000000100,13554766446#
[2017-04-18 16:28:35.372] [INFO] dateFileLog - [::ffff:127.0.0.1] Date = *DFTD_LYBJ,2000000100,13554766446#
[2017-04-18 16:29:02.748] [INFO] dateFileLog - [::ffff:127.0.0.1] Date = *DFTD_LYBJ,2000000100,13554766446#
[2017-04-18 16:30:38.749] [INFO] dateFileLog - [::ffff:127.0.0.1] Date = *DFTD_LYBJ,2000000100,13554766446#
[2017-04-18 16:30:47.662] [INFO] dateFileLog - [::ffff:127.0.0.1] Date = *DFTD_LYBJ,2000000100,13554766446#
[2017-04-18 16:31:54.660] [INFO] dateFileLog - [::ffff:127.0.0.1] Date = *DFTD_LYBJ,2000000100,13554766446#
[2017-04-18 16:38:05.862] [INFO] dateFileLog - [::ffff:127.0.0.1] Date = *DFTD_LYBJ,2000000100,13554766446#
[2017-04-18 16:38:06.061] [INFO] dateFileLog - Result =  [ { ID: 211 } ]
[2017-04-18 16:38:06.064] [INFO] dateFileLog - 给司机发送报警短信...
[2017-04-18 16:38:06.065] [INFO] dateFileLog - { mobile: '13554766446',
  content: '粤B2R3U1在2017-04-18 16:38:05出现漏油异常【鼎丰泰达】' }
[2017-04-18 16:38:06.612] [ERROR] dateFileLog - send_sms errresult=-16&
[2017-04-18 16:38:41.048] [INFO] dateFileLog - [::ffff:127.0.0.1] Date = *DFTD_LYBJ,2000000100,13554766446#
[2017-04-18 16:38:41.122] [INFO] dateFileLog - Result =  [ { ID: 212 } ]
[2017-04-18 16:38:41.125] [INFO] dateFileLog - 给司机发送报警短信...
[2017-04-18 16:38:41.126] [INFO] dateFileLog - { mobile: '13554766446',
  content: '粤B2R3U1在2017-04-18 16:38:41出现漏油异常【鼎丰泰达】' }
[2017-04-18 16:38:41.311] [ERROR] dateFileLog - send_sms errresult=-16&
[2017-04-18 16:45:06.617] [INFO] dateFileLog - [::ffff:127.0.0.1] Date = *DFTD_LYBJ,2000000100,13554766446#
[2017-04-18 16:45:06.800] [INFO] dateFileLog - Result =  [ { ID: 213 } ]
[2017-04-18 16:45:06.804] [INFO] dateFileLog - 给司机发送报警短信...
[2017-04-18 16:45:06.805] [INFO] dateFileLog - { mobile: '13554766446',
  content: '粤B2R3U1在2017-04-18 16:45:06出现漏油异常【鼎丰泰达】' }
[2017-04-18 16:45:07.018] [ERROR] dateFileLog - send_sms err result=-16&
[2017-04-18 16:47:56.126] [INFO] dateFileLog - [::ffff:127.0.0.1] Date = resolve(result);
[2017-04-18 16:47:58.152] [INFO] dateFileLog - [::ffff:127.0.0.1] Date = *DFTD_LYBJ,2000000100,13554766446#
[2017-04-18 16:47:58.378] [ERROR] dateFileLog - Error =  { RequestError: Conversion failed when converting the varchar value 'a' to data type int.
    at E:\code\node_modules\mssql\lib\tedious.js:739:17
    at emitOne (events.js:96:13)
    at Connection.emit (events.js:191:7)
    at Parser.<anonymous> (E:\code\node_modules\mssql\node_modules\tedious\lib\connection.js:204:16)
    at emitOne (events.js:96:13)
    at Parser.emit (events.js:191:7)
    at Parser.<anonymous> (E:\code\node_modules\mssql\node_modules\tedious\lib\token\token-stream-parser.js:42:15)
    at emitOne (events.js:96:13)
    at Parser.emit (events.js:191:7)
    at readableAddChunk (E:\code\node_modules\mssql\node_modules\tedious\node_modules\readable-stream\lib\_stream_readable.js:213:18)
  name: 'RequestError',
  message: 'Conversion failed when converting the varchar value \'a\' to data type int.',
  code: 'EREQUEST',
  number: 245,
  lineNumber: 1,
  state: 1,
  class: 16,
  serverName: 'iZ948wnf8ufZ',
  procName: '',
  precedingErrors: [] }
RequestError: Conversion failed when converting the varchar value 'a' to data type int.
    at E:\code\node_modules\mssql\lib\tedious.js:739:17
    at emitOne (events.js:96:13)
    at Connection.emit (events.js:191:7)
    at Parser.<anonymous> (E:\code\node_modules\mssql\node_modules\tedious\lib\connection.js:204:16)
    at emitOne (events.js:96:13)
    at Parser.emit (events.js:191:7)
    at Parser.<anonymous> (E:\code\node_modules\mssql\node_modules\tedious\lib\token\token-stream-parser.js:42:15)
    at emitOne (events.js:96:13)
    at Parser.emit (events.js:191:7)
    at readableAddChunk (E:\code\node_modules\mssql\node_modules\tedious\node_modules\readable-stream\lib\_stream_readable.js:213:18)
[2017-04-18 16:47:58.382] [INFO] dateFileLog - 给司机发送报警短信...
[2017-04-18 16:47:58.383] [INFO] dateFileLog - { mobile: '13554766446',
  content: '粤B2R3U1在2017-04-18 16:47:58出现漏油异常【鼎丰泰达】' }
[2017-04-18 16:47:58.591] [ERROR] dateFileLog - send_sms err result=-16&
[2017-04-18 16:47:59.363] [INFO] dateFileLog - 司机设置的服务区信息 =  [ { ID: 14,
    DriverID: 24,
    VehicleID: 7964921,
    CarNumber: '粤B2R3U1',
    AddTime: 'Oct 17 2016 11:19AM',
    SA_Tel: '',
    Remark: '' } ]
[2017-04-18 16:51:32.538] [INFO] dateFileLog - [::ffff:127.0.0.1] Date = *DFTD_LYBJ,2000000100,13554766446#
[2017-04-18 16:51:32.971] [ERROR] dateFileLog - Error =  { RequestError: Conversion failed when converting the varchar value 'a' to data type int.
    at E:\code\node_modules\mssql\lib\tedious.js:739:17
    at emitOne (events.js:96:13)
    at Connection.emit (events.js:191:7)
    at Parser.<anonymous> (E:\code\node_modules\mssql\node_modules\tedious\lib\connection.js:204:16)
    at emitOne (events.js:96:13)
    at Parser.emit (events.js:191:7)
    at Parser.<anonymous> (E:\code\node_modules\mssql\node_modules\tedious\lib\token\token-stream-parser.js:42:15)
    at emitOne (events.js:96:13)
    at Parser.emit (events.js:191:7)
    at readableAddChunk (E:\code\node_modules\mssql\node_modules\tedious\node_modules\readable-stream\lib\_stream_readable.js:213:18)
  name: 'RequestError',
  message: 'Conversion failed when converting the varchar value \'a\' to data type int.',
  code: 'EREQUEST',
  number: 245,
  lineNumber: 1,
  state: 1,
  class: 16,
  serverName: 'iZ948wnf8ufZ',
  procName: '',
  precedingErrors: [] }
RequestError: Conversion failed when converting the varchar value 'a' to data type int.
    at E:\code\node_modules\mssql\lib\tedious.js:739:17
    at emitOne (events.js:96:13)
    at Connection.emit (events.js:191:7)
    at Parser.<anonymous> (E:\code\node_modules\mssql\node_modules\tedious\lib\connection.js:204:16)
    at emitOne (events.js:96:13)
    at Parser.emit (events.js:191:7)
    at Parser.<anonymous> (E:\code\node_modules\mssql\node_modules\tedious\lib\token\token-stream-parser.js:42:15)
    at emitOne (events.js:96:13)
    at Parser.emit (events.js:191:7)
    at readableAddChunk (E:\code\node_modules\mssql\node_modules\tedious\node_modules\readable-stream\lib\_stream_readable.js:213:18)
[2017-04-18 16:51:32.979] [INFO] dateFileLog - 给司机发送报警短信...
[2017-04-18 16:51:32.979] [INFO] dateFileLog - { mobile: '13554766446',
  content: '粤B2R3U1在2017-04-18 16:51:32出现漏油异常【鼎丰泰达】' }
[2017-04-18 16:51:33.274] [ERROR] dateFileLog - send_sms err result=-16&
[2017-04-18 16:51:33.954] [INFO] dateFileLog - 司机设置的服务区信息 =  [ { ID: 14,
    DriverID: 24,
    VehicleID: 7964921,
    CarNumber: '粤B2R3U1',
    AddTime: 'Oct 17 2016 11:19AM',
    SA_Tel: '',
    Remark: '' } ]
