[2017-06-02 22:11:45.075] [INFO] dateFileLog - [::ffff:127.0.0.1] Date = *DFTD_LEAK_OIL,311111111219,-115.5L,131.0L,15.5L,A,094506,240116,2239.5530,N,11404.4116,E# 
[2017-06-02 22:11:45.239] [INFO] dateFileLog - [::ffff:127.0.0.1] Date = *DFTD_LEAK_OIL,311111111219,-115.5L,131.0L,15.5L,A,094506,240116,2239.5530,N,11404.4116,E# 
[2017-06-02 22:11:45.277] [INFO] dateFileLog - [::ffff:127.0.0.1] Date = *DFTD_LEAK_OIL,311111111219,-115.5L,131.0L,15.5L,A,094506,240116,2239.5530,N,11404.4116,E# 
[2017-06-02 22:11:45.323] [ERROR] dateFileLog - 获取车辆信息失败：该车不存在 311111111219
[2017-06-02 22:11:45.325] [ERROR] dateFileLog - Error =  获取车辆信息失败：该车不存在311111111219
[2017-06-02 22:11:45.326] [ERROR] dateFileLog - 获取车辆信息失败：该车不存在 311111111219
[2017-06-02 22:11:45.329] [ERROR] dateFileLog - Error =  获取车辆信息失败：该车不存在311111111219
[2017-06-02 22:11:45.357] [ERROR] dateFileLog - 获取车辆信息失败：该车不存在 311111111219
[2017-06-02 22:11:45.359] [ERROR] dateFileLog - Error =  获取车辆信息失败：该车不存在311111111219
[2017-06-02 22:11:45.377] [INFO] dateFileLog - [::ffff:127.0.0.1] Date = *DFTD_LEAK_OIL,311111111219,-115.5L,131.0L,15.5L,A,094506,240116,2239.5530,N,11404.4116,E# 
[2017-06-02 22:11:45.462] [ERROR] dateFileLog - 获取车辆信息失败：该车不存在 311111111219
[2017-06-02 22:11:45.465] [ERROR] dateFileLog - Error =  获取车辆信息失败：该车不存在311111111219
[2017-06-02 22:11:45.477] [INFO] dateFileLog - [::ffff:127.0.0.1] Date = *DFTD_LEAK_OIL,311111111219,-115.5L,131.0L,15.5L,A,094506,240116,2239.5530,N,11404.4116,E# 
[2017-06-02 22:11:45.556] [ERROR] dateFileLog - 获取车辆信息失败：该车不存在 311111111219
[2017-06-02 22:11:45.558] [ERROR] dateFileLog - Error =  获取车辆信息失败：该车不存在311111111219
[2017-06-02 22:11:45.577] [INFO] dateFileLog - [::ffff:127.0.0.1] Date = *DFTD_LEAK_OIL,311111111219,-115.5L,131.0L,15.5L,A,094506,240116,2239.5530,N,11404.4116,E# 
[2017-06-02 22:11:45.643] [ERROR] dateFileLog - Error =  获取车辆信息失败：该车不存在311111111219
[2017-06-02 22:11:45.667] [ERROR] dateFileLog - 获取车辆信息失败：该车不存在 311111111219
[2017-06-02 22:11:45.678] [INFO] dateFileLog - [::ffff:127.0.0.1] Date = *DFTD_LEAK_OIL,311111111219,-115.5L,131.0L,15.5L,A,094506,240116,2239.5530,N,11404.4116,E# 
[2017-06-02 22:11:45.737] [ERROR] dateFileLog - Error =  获取车辆信息失败：该车不存在311111111219
[2017-06-02 22:11:45.740] [ERROR] dateFileLog - 获取车辆信息失败：该车不存在 311111111219
[2017-06-02 22:11:45.778] [INFO] dateFileLog - [::ffff:127.0.0.1] Date = *DFTD_LEAK_OIL,311111111219,-115.5L,131.0L,15.5L,A,094506,240116,2239.5530,N,11404.4116,E# 
[2017-06-02 22:11:45.850] [ERROR] dateFileLog - Error =  获取车辆信息失败：该车不存在311111111219
[2017-06-02 22:11:45.860] [ERROR] dateFileLog - 获取车辆信息失败：该车不存在 311111111219
[2017-06-02 22:11:45.879] [INFO] dateFileLog - [::ffff:127.0.0.1] Date = *DFTD_LEAK_OIL,311111111219,-115.5L,131.0L,15.5L,A,094506,240116,2239.5530,N,11404.4116,E# 
[2017-06-02 22:11:45.957] [ERROR] dateFileLog - Error =  获取车辆信息失败：该车不存在311111111219
[2017-06-02 22:11:45.961] [ERROR] dateFileLog - 获取车辆信息失败：该车不存在 311111111219
[2017-06-02 22:11:45.979] [INFO] dateFileLog - [::ffff:127.0.0.1] Date = *DFTD_LEAK_OIL,311111111219,-115.5L,131.0L,15.5L,A,094506,240116,2239.5530,N,11404.4116,E# 
[2017-06-02 22:11:46.051] [ERROR] dateFileLog - Error =  获取车辆信息失败：该车不存在311111111219
[2017-06-02 22:11:46.057] [ERROR] dateFileLog - 获取车辆信息失败：该车不存在 311111111219
[2017-06-02 22:11:46.079] [INFO] dateFileLog - [::ffff:127.0.0.1] Date = *DFTD_LEAK_OIL,311111111219,-115.5L,131.0L,15.5L,A,094506,240116,2239.5530,N,11404.4116,E# 
[2017-06-02 22:11:46.148] [ERROR] dateFileLog - Error =  获取车辆信息失败：该车不存在311111111219
[2017-06-02 22:11:46.154] [ERROR] dateFileLog - 获取车辆信息失败：该车不存在 311111111219
[2017-06-02 22:11:46.180] [INFO] dateFileLog - [::ffff:127.0.0.1] Date = *DFTD_LEAK_OIL,311111111219,-115.5L,131.0L,15.5L,A,094506,240116,2239.5530,N,11404.4116,E# 
[2017-06-02 22:11:46.235] [INFO] dateFileLog - REPLY =  *DFTD_LEAK_OIL_OK#
[2017-06-02 22:11:46.242] [INFO] dateFileLog - REPLY =  *DFTD_LEAK_OIL_OK#
[2017-06-02 22:11:46.249] [ERROR] dateFileLog - 获取车辆信息失败：该车不存在 311111111219
[2017-06-02 22:11:46.266] [ERROR] dateFileLog - Error =  获取车辆信息失败：该车不存在311111111219
[2017-06-02 22:11:46.279] [INFO] dateFileLog - REPLY =  *DFTD_LEAK_OIL_OK#
[2017-06-02 22:11:46.281] [INFO] dateFileLog - [::ffff:127.0.0.1] Date = *DFTD_LEAK_OIL,311111111219,-115.5L,131.0L,15.5L,A,094506,240116,2239.5530,N,11404.4116,E# 
[2017-06-02 22:11:46.340] [ERROR] dateFileLog - 获取车辆信息失败：该车不存在 311111111219
[2017-06-02 22:11:46.344] [ERROR] dateFileLog - Error =  获取车辆信息失败：该车不存在311111111219
[2017-06-02 22:11:46.380] [INFO] dateFileLog - [::ffff:127.0.0.1] Date = *DFTD_LEAK_OIL,311111111219,-115.5L,131.0L,15.5L,A,094506,240116,2239.5530,N,11404.4116,E# 
[2017-06-02 22:11:46.391] [INFO] dateFileLog - REPLY =  *DFTD_LEAK_OIL_OK#
[2017-06-02 22:11:46.450] [ERROR] dateFileLog - Error =  获取车辆信息失败：该车不存在311111111219
[2017-06-02 22:11:46.454] [ERROR] dateFileLog - 获取车辆信息失败：该车不存在 311111111219
[2017-06-02 22:11:46.481] [INFO] dateFileLog - REPLY =  *DFTD_LEAK_OIL_OK#
[2017-06-02 22:11:46.484] [INFO] dateFileLog - [::ffff:127.0.0.1] Date = *DFTD_LEAK_OIL,311111111219,-115.5L,131.0L,15.5L,A,094506,240116,2239.5530,N,11404.4116,E# 
[2017-06-02 22:11:46.546] [ERROR] dateFileLog - Error =  获取车辆信息失败：该车不存在311111111219
[2017-06-02 22:11:46.550] [ERROR] dateFileLog - 获取车辆信息失败：该车不存在 311111111219
[2017-06-02 22:11:46.582] [INFO] dateFileLog - [::ffff:127.0.0.1] Date = *DFTD_LEAK_OIL,311111111219,-115.5L,131.0L,15.5L,A,094506,240116,2239.5530,N,11404.4116,E# 
[2017-06-02 22:11:46.589] [INFO] dateFileLog - REPLY =  *DFTD_LEAK_OIL_OK#
[2017-06-02 22:11:46.640] [ERROR] dateFileLog - 获取车辆信息失败：该车不存在 311111111219
[2017-06-02 22:11:46.659] [ERROR] dateFileLog - Error =  获取车辆信息失败：该车不存在311111111219
[2017-06-02 22:11:46.682] [INFO] dateFileLog - REPLY =  *DFTD_LEAK_OIL_OK#
[2017-06-02 22:11:46.685] [INFO] dateFileLog - [::ffff:127.0.0.1] Date = *DFTD_LEAK_OIL,311111111219,-115.5L,131.0L,15.5L,A,094506,240116,2239.5530,N,11404.4116,E# 
[2017-06-02 22:11:46.744] [ERROR] dateFileLog - 获取车辆信息失败：该车不存在 311111111219
[2017-06-02 22:11:46.763] [ERROR] dateFileLog - Error =  获取车辆信息失败：该车不存在311111111219
[2017-06-02 22:11:46.783] [INFO] dateFileLog - [::ffff:127.0.0.1] Date = *DFTD_LEAK_OIL,311111111219,-115.5L,131.0L,15.5L,A,094506,240116,2239.5530,N,11404.4116,E# 
[2017-06-02 22:11:46.788] [INFO] dateFileLog - REPLY =  *DFTD_LEAK_OIL_OK#
[2017-06-02 22:11:46.840] [ERROR] dateFileLog - 获取车辆信息失败：该车不存在 311111111219
[2017-06-02 22:11:46.848] [ERROR] dateFileLog - Error =  获取车辆信息失败：该车不存在311111111219
[2017-06-02 22:11:46.883] [INFO] dateFileLog - [::ffff:127.0.0.1] Date = *DFTD_LEAK_OIL,311111111219,-115.5L,131.0L,15.5L,A,094506,240116,2239.5530,N,11404.4116,E# 
[2017-06-02 22:11:46.888] [INFO] dateFileLog - REPLY =  *DFTD_LEAK_OIL_OK#
[2017-06-02 22:11:46.948] [ERROR] dateFileLog - 获取车辆信息失败：该车不存在 311111111219
[2017-06-02 22:11:46.953] [ERROR] dateFileLog - Error =  获取车辆信息失败：该车不存在311111111219
[2017-06-02 22:11:46.984] [INFO] dateFileLog - [::ffff:127.0.0.1] Date = *DFTD_LEAK_OIL,311111111219,-115.5L,131.0L,15.5L,A,094506,240116,2239.5530,N,11404.4116,E# 
[2017-06-02 22:11:46.990] [INFO] dateFileLog - REPLY =  *DFTD_LEAK_OIL_OK#
[2017-06-02 22:11:47.038] [ERROR] dateFileLog - 获取车辆信息失败：该车不存在 311111111219
[2017-06-02 22:11:47.045] [ERROR] dateFileLog - Error =  获取车辆信息失败：该车不存在311111111219
[2017-06-02 22:11:47.084] [INFO] dateFileLog - [::ffff:127.0.0.1] Date = *DFTD_LEAK_OIL,311111111219,-115.5L,131.0L,15.5L,A,094506,240116,2239.5530,N,11404.4116,E# 
[2017-06-02 22:11:47.089] [INFO] dateFileLog - REPLY =  *DFTD_LEAK_OIL_OK#
[2017-06-02 22:11:47.148] [ERROR] dateFileLog - Error =  获取车辆信息失败：该车不存在311111111219
[2017-06-02 22:11:47.152] [ERROR] dateFileLog - 获取车辆信息失败：该车不存在 311111111219
[2017-06-02 22:11:47.185] [INFO] dateFileLog - [::ffff:127.0.0.1] Date = *DFTD_LEAK_OIL,311111111219,-115.5L,131.0L,15.5L,A,094506,240116,2239.5530,N,11404.4116,E# 
[2017-06-02 22:11:47.193] [INFO] dateFileLog - REPLY =  *DFTD_LEAK_OIL_OK#
[2017-06-02 22:11:47.244] [ERROR] dateFileLog - Error =  获取车辆信息失败：该车不存在311111111219
[2017-06-02 22:11:47.250] [ERROR] dateFileLog - 获取车辆信息失败：该车不存在 311111111219
[2017-06-02 22:11:47.285] [INFO] dateFileLog - [::ffff:127.0.0.1] Date = *DFTD_LEAK_OIL,311111111219,-115.5L,131.0L,15.5L,A,094506,240116,2239.5530,N,11404.4116,E# 
[2017-06-02 22:11:47.293] [INFO] dateFileLog - REPLY =  *DFTD_LEAK_OIL_OK#
[2017-06-02 22:11:47.345] [ERROR] dateFileLog - Error =  获取车辆信息失败：该车不存在311111111219
[2017-06-02 22:11:47.349] [ERROR] dateFileLog - 获取车辆信息失败：该车不存在 311111111219
[2017-06-02 22:11:47.385] [INFO] dateFileLog - [::ffff:127.0.0.1] Date = *DFTD_LEAK_OIL,311111111219,-115.5L,131.0L,15.5L,A,094506,240116,2239.5530,N,11404.4116,E# 
[2017-06-02 22:11:47.403] [INFO] dateFileLog - REPLY =  *DFTD_LEAK_OIL_OK#
[2017-06-02 22:11:47.456] [ERROR] dateFileLog - 获取车辆信息失败：该车不存在 311111111219
[2017-06-02 22:11:47.478] [ERROR] dateFileLog - Error =  获取车辆信息失败：该车不存在311111111219
[2017-06-02 22:11:47.485] [INFO] dateFileLog - [::ffff:127.0.0.1] Date = *DFTD_LEAK_OIL,311111111219,-115.5L,131.0L,15.5L,A,094506,240116,2239.5530,N,11404.4116,E# 
[2017-06-02 22:11:47.492] [INFO] dateFileLog - REPLY =  *DFTD_LEAK_OIL_OK#
[2017-06-02 22:11:47.546] [ERROR] dateFileLog - Error =  获取车辆信息失败：该车不存在311111111219
[2017-06-02 22:11:47.565] [ERROR] dateFileLog - 获取车辆信息失败：该车不存在 311111111219
[2017-06-02 22:11:47.584] [INFO] dateFileLog - [::ffff:127.0.0.1] Date = *DFTD_LEAK_OIL,311111111219,-115.5L,131.0L,15.5L,A,094506,240116,2239.5530,N,11404.4116,E# 
[2017-06-02 22:11:47.589] [INFO] dateFileLog - REPLY =  *DFTD_LEAK_OIL_OK#
[2017-06-02 22:11:47.641] [ERROR] dateFileLog - 获取车辆信息失败：该车不存在 311111111219
[2017-06-02 22:11:47.657] [ERROR] dateFileLog - Error =  获取车辆信息失败：该车不存在311111111219
[2017-06-02 22:11:47.685] [INFO] dateFileLog - [::ffff:127.0.0.1] Date = *DFTD_LEAK_OIL,311111111219,-115.5L,131.0L,15.5L,A,094506,240116,2239.5530,N,11404.4116,E# 
[2017-06-02 22:11:47.691] [INFO] dateFileLog - REPLY =  *DFTD_LEAK_OIL_OK#
[2017-06-02 22:11:47.760] [ERROR] dateFileLog - 获取车辆信息失败：该车不存在 311111111219
[2017-06-02 22:11:47.772] [ERROR] dateFileLog - Error =  获取车辆信息失败：该车不存在311111111219
[2017-06-02 22:11:47.786] [INFO] dateFileLog - [::ffff:127.0.0.1] Date = *DFTD_LEAK_OIL,311111111219,-115.5L,131.0L,15.5L,A,094506,240116,2239.5530,N,11404.4116,E# 
[2017-06-02 22:11:47.792] [INFO] dateFileLog - REPLY =  *DFTD_LEAK_OIL_OK#
[2017-06-02 22:11:47.840] [ERROR] dateFileLog - 获取车辆信息失败：该车不存在 311111111219
[2017-06-02 22:11:47.844] [ERROR] dateFileLog - Error =  获取车辆信息失败：该车不存在311111111219
[2017-06-02 22:11:47.885] [INFO] dateFileLog - [::ffff:127.0.0.1] Date = *DFTD_LEAK_OIL,311111111219,-115.5L,131.0L,15.5L,A,094506,240116,2239.5530,N,11404.4116,E# 
[2017-06-02 22:11:47.890] [INFO] dateFileLog - REPLY =  *DFTD_LEAK_OIL_OK#
[2017-06-02 22:11:47.944] [ERROR] dateFileLog - 获取车辆信息失败：该车不存在 311111111219
[2017-06-02 22:11:47.967] [ERROR] dateFileLog - Error =  获取车辆信息失败：该车不存在311111111219
[2017-06-02 22:11:47.985] [INFO] dateFileLog - [::ffff:127.0.0.1] Date = *DFTD_LEAK_OIL,311111111219,-115.5L,131.0L,15.5L,A,094506,240116,2239.5530,N,11404.4116,E# 
[2017-06-02 22:11:47.990] [INFO] dateFileLog - REPLY =  *DFTD_LEAK_OIL_OK#
[2017-06-02 22:11:48.044] [ERROR] dateFileLog - Error =  获取车辆信息失败：该车不存在311111111219
[2017-06-02 22:11:48.047] [ERROR] dateFileLog - 获取车辆信息失败：该车不存在 311111111219
[2017-06-02 22:11:48.086] [INFO] dateFileLog - [::ffff:127.0.0.1] Date = *DFTD_LEAK_OIL,311111111219,-115.5L,131.0L,15.5L,A,094506,240116,2239.5530,N,11404.4116,E# 
[2017-06-02 22:11:48.092] [INFO] dateFileLog - REPLY =  *DFTD_LEAK_OIL_OK#
[2017-06-02 22:11:48.157] [ERROR] dateFileLog - 获取车辆信息失败：该车不存在 311111111219
[2017-06-02 22:11:48.163] [ERROR] dateFileLog - Error =  获取车辆信息失败：该车不存在311111111219
[2017-06-02 22:11:48.185] [INFO] dateFileLog - [::ffff:127.0.0.1] Date = *DFTD_LEAK_OIL,311111111219,-115.5L,131.0L,15.5L,A,094506,240116,2239.5530,N,11404.4116,E# 
[2017-06-02 22:11:48.191] [INFO] dateFileLog - REPLY =  *DFTD_LEAK_OIL_OK#
[2017-06-02 22:11:48.246] [ERROR] dateFileLog - Error =  获取车辆信息失败：该车不存在311111111219
[2017-06-02 22:11:48.249] [ERROR] dateFileLog - 获取车辆信息失败：该车不存在 311111111219
[2017-06-02 22:11:48.285] [INFO] dateFileLog - [::ffff:127.0.0.1] Date = *DFTD_LEAK_OIL,311111111219,-115.5L,131.0L,15.5L,A,094506,240116,2239.5530,N,11404.4116,E# 
[2017-06-02 22:11:48.293] [INFO] dateFileLog - REPLY =  *DFTD_LEAK_OIL_OK#
[2017-06-02 22:11:48.361] [ERROR] dateFileLog - 获取车辆信息失败：该车不存在 311111111219
[2017-06-02 22:11:48.370] [ERROR] dateFileLog - Error =  获取车辆信息失败：该车不存在311111111219
[2017-06-02 22:11:48.385] [INFO] dateFileLog - [::ffff:127.0.0.1] Date = *DFTD_LEAK_OIL,311111111219,-115.5L,131.0L,15.5L,A,094506,240116,2239.5530,N,11404.4116,E# 
[2017-06-02 22:11:48.401] [INFO] dateFileLog - REPLY =  *DFTD_LEAK_OIL_OK#
[2017-06-02 22:11:48.446] [ERROR] dateFileLog - Error =  获取车辆信息失败：该车不存在311111111219
[2017-06-02 22:11:48.449] [ERROR] dateFileLog - 获取车辆信息失败：该车不存在 311111111219
[2017-06-02 22:11:48.486] [INFO] dateFileLog - [::ffff:127.0.0.1] Date = *DFTD_LEAK_OIL,311111111219,-115.5L,131.0L,15.5L,A,094506,240116,2239.5530,N,11404.4116,E# 
[2017-06-02 22:11:48.492] [INFO] dateFileLog - REPLY =  *DFTD_LEAK_OIL_OK#
[2017-06-02 22:11:48.560] [ERROR] dateFileLog - 获取车辆信息失败：该车不存在 311111111219
[2017-06-02 22:11:48.564] [ERROR] dateFileLog - Error =  获取车辆信息失败：该车不存在311111111219
[2017-06-02 22:11:48.586] [INFO] dateFileLog - [::ffff:127.0.0.1] Date = *DFTD_LEAK_OIL,311111111219,-115.5L,131.0L,15.5L,A,094506,240116,2239.5530,N,11404.4116,E# 
[2017-06-02 22:11:48.594] [INFO] dateFileLog - REPLY =  *DFTD_LEAK_OIL_OK#
[2017-06-02 22:11:48.660] [ERROR] dateFileLog - Error =  获取车辆信息失败：该车不存在311111111219
[2017-06-02 22:11:48.664] [ERROR] dateFileLog - 获取车辆信息失败：该车不存在 311111111219
[2017-06-02 22:11:48.687] [INFO] dateFileLog - [::ffff:127.0.0.1] Date = *DFTD_LEAK_OIL,311111111219,-115.5L,131.0L,15.5L,A,094506,240116,2239.5530,N,11404.4116,E# 
[2017-06-02 22:11:48.695] [INFO] dateFileLog - REPLY =  *DFTD_LEAK_OIL_OK#
[2017-06-02 22:11:48.750] [ERROR] dateFileLog - Error =  获取车辆信息失败：该车不存在311111111219
[2017-06-02 22:11:48.754] [ERROR] dateFileLog - 获取车辆信息失败：该车不存在 311111111219
[2017-06-02 22:11:48.788] [INFO] dateFileLog - [::ffff:127.0.0.1] Date = *DFTD_LEAK_OIL,311111111219,-115.5L,131.0L,15.5L,A,094506,240116,2239.5530,N,11404.4116,E# 
[2017-06-02 22:11:48.792] [INFO] dateFileLog - REPLY =  *DFTD_LEAK_OIL_OK#
[2017-06-02 22:11:48.847] [ERROR] dateFileLog - Error =  获取车辆信息失败：该车不存在311111111219
[2017-06-02 22:11:48.862] [ERROR] dateFileLog - 获取车辆信息失败：该车不存在 311111111219
[2017-06-02 22:11:48.889] [INFO] dateFileLog - [::ffff:127.0.0.1] Date = *DFTD_LEAK_OIL,311111111219,-115.5L,131.0L,15.5L,A,094506,240116,2239.5530,N,11404.4116,E# 
[2017-06-02 22:11:48.896] [INFO] dateFileLog - REPLY =  *DFTD_LEAK_OIL_OK#
[2017-06-02 22:11:48.954] [ERROR] dateFileLog - Error =  获取车辆信息失败：该车不存在311111111219
[2017-06-02 22:11:48.958] [ERROR] dateFileLog - 获取车辆信息失败：该车不存在 311111111219
[2017-06-02 22:11:48.990] [INFO] dateFileLog - [::ffff:127.0.0.1] Date = *DFTD_LEAK_OIL,311111111219,-115.5L,131.0L,15.5L,A,094506,240116,2239.5530,N,11404.4116,E# 
[2017-06-02 22:11:48.998] [INFO] dateFileLog - REPLY =  *DFTD_LEAK_OIL_OK#
[2017-06-02 22:11:49.046] [ERROR] dateFileLog - 获取车辆信息失败：该车不存在 311111111219
[2017-06-02 22:11:49.048] [ERROR] dateFileLog - Error =  获取车辆信息失败：该车不存在311111111219
[2017-06-02 22:11:49.090] [INFO] dateFileLog - [::ffff:127.0.0.1] Date = *DFTD_LEAK_OIL,311111111219,-115.5L,131.0L,15.5L,A,094506,240116,2239.5530,N,11404.4116,E# 
[2017-06-02 22:11:49.098] [INFO] dateFileLog - REPLY =  *DFTD_LEAK_OIL_OK#
[2017-06-02 22:11:49.147] [ERROR] dateFileLog - 获取车辆信息失败：该车不存在 311111111219
[2017-06-02 22:11:49.164] [ERROR] dateFileLog - Error =  获取车辆信息失败：该车不存在311111111219
[2017-06-02 22:11:49.191] [INFO] dateFileLog - REPLY =  *DFTD_LEAK_OIL_OK#
[2017-06-02 22:11:49.196] [INFO] dateFileLog - [::ffff:127.0.0.1] Date = *DFTD_LEAK_OIL,311111111219,-115.5L,131.0L,15.5L,A,094506,240116,2239.5530,N,11404.4116,E# 
[2017-06-02 22:11:49.268] [ERROR] dateFileLog - Error =  获取车辆信息失败：该车不存在311111111219
[2017-06-02 22:11:49.272] [ERROR] dateFileLog - 获取车辆信息失败：该车不存在 311111111219
[2017-06-02 22:11:49.287] [ERROR] dateFileLog - Error:Error: read ECONNRESET
[2017-06-02 22:11:49.289] [INFO] dateFileLog - 
[2017-06-02 22:11:49.292] [ERROR] dateFileLog - Error:Error: This socket is closed
[2017-06-02 22:11:49.295] [INFO] dateFileLog - REPLY =  *DFTD_LEAK_OIL_OK#
[2017-06-02 22:11:49.388] [ERROR] dateFileLog - Error:Error: This socket is closed
[2017-06-02 22:11:49.391] [INFO] dateFileLog - REPLY =  *DFTD_LEAK_OIL_OK#
[2017-06-02 22:11:49.490] [ERROR] dateFileLog - Error:Error: This socket is closed
[2017-06-02 22:11:49.493] [INFO] dateFileLog - REPLY =  *DFTD_LEAK_OIL_OK#
[2017-06-02 22:11:49.594] [ERROR] dateFileLog - Error:Error: This socket is closed
[2017-06-02 22:11:49.597] [INFO] dateFileLog - REPLY =  *DFTD_LEAK_OIL_OK#
[2017-06-02 22:11:49.695] [ERROR] dateFileLog - Error:Error: This socket is closed
[2017-06-02 22:11:49.698] [INFO] dateFileLog - REPLY =  *DFTD_LEAK_OIL_OK#
[2017-06-02 22:11:49.792] [ERROR] dateFileLog - Error:Error: This socket is closed
[2017-06-02 22:11:49.795] [INFO] dateFileLog - REPLY =  *DFTD_LEAK_OIL_OK#
[2017-06-02 22:11:49.896] [ERROR] dateFileLog - Error:Error: This socket is closed
[2017-06-02 22:11:49.899] [INFO] dateFileLog - REPLY =  *DFTD_LEAK_OIL_OK#
[2017-06-02 22:11:49.998] [ERROR] dateFileLog - Error:Error: This socket is closed
[2017-06-02 22:11:50.000] [INFO] dateFileLog - REPLY =  *DFTD_LEAK_OIL_OK#
[2017-06-02 22:11:50.097] [ERROR] dateFileLog - Error:Error: This socket is closed
[2017-06-02 22:11:50.100] [INFO] dateFileLog - REPLY =  *DFTD_LEAK_OIL_OK#
[2017-06-02 22:11:50.202] [ERROR] dateFileLog - Error:Error: This socket is closed
[2017-06-02 22:11:50.206] [INFO] dateFileLog - REPLY =  *DFTD_LEAK_OIL_OK#
[2017-06-02 22:12:46.177] [INFO] dateFileLog - [::ffff:127.0.0.1] Date = *DFTD_START_A,11112000000576,100.1L,A,094506,240116,2239.5530,N,11404.4116,E#
[2017-06-02 22:12:59.036] [INFO] dateFileLog - [::ffff:127.0.0.1] Date = *DFTD_START_A,11112000000576,100.1L,A,094506,240116,2239.5530,N,11404.4116,E#*DFTD_START_A,11112000000576,100.1L,A,094506,240116,2239.5530,N,11404.4116,E#
[2017-06-02 22:12:59.108] [ERROR] dateFileLog - Error =  获取车辆信息失败：该车不存在11112000000576
[2017-06-02 22:12:59.109] [ERROR] dateFileLog - Error =  获取车辆信息失败：该车不存在11112000000576
[2017-06-02 22:12:59.113] [ERROR] dateFileLog - Error =  获取车辆信息失败：该车不存在11112000000576
[2017-06-02 22:12:59.121] [ERROR] dateFileLog - Error =  获取车辆信息失败：该车不存在11112000000576
[2017-06-02 22:13:00.034] [INFO] dateFileLog - REPLY =  *DFTD_START_A_OK#
[2017-06-02 22:13:00.038] [INFO] dateFileLog - REPLY =  *DFTD_START_A_OK#
[2017-06-02 22:13:01.037] [INFO] dateFileLog - REPLY =  *DFTD_START_A_OK#
[2017-06-02 22:13:01.042] [INFO] dateFileLog - REPLY =  *DFTD_START_A_OK#
[2017-06-02 22:13:02.042] [INFO] dateFileLog - REPLY =  *DFTD_START_A_OK#
[2017-06-02 22:13:02.043] [INFO] dateFileLog - REPLY =  *DFTD_START_A_OK#
[2017-06-02 22:13:03.044] [INFO] dateFileLog - REPLY =  *DFTD_START_A_OK#
[2017-06-02 22:13:03.047] [INFO] dateFileLog - REPLY =  *DFTD_START_A_OK#
[2017-06-02 22:13:04.049] [INFO] dateFileLog - REPLY =  *DFTD_START_A_OK#
[2017-06-02 22:13:04.050] [INFO] dateFileLog - REPLY =  *DFTD_START_A_OK#
[2017-06-02 22:13:05.050] [INFO] dateFileLog - REPLY =  *DFTD_START_A_OK#
[2017-06-02 22:13:05.057] [INFO] dateFileLog - REPLY =  *DFTD_START_A_OK#
[2017-06-02 22:13:06.058] [INFO] dateFileLog - REPLY =  *DFTD_START_A_OK#
[2017-06-02 22:13:06.062] [INFO] dateFileLog - REPLY =  *DFTD_START_A_OK#
[2017-06-02 22:13:07.062] [INFO] dateFileLog - REPLY =  *DFTD_START_A_OK#
[2017-06-02 22:13:07.069] [INFO] dateFileLog - REPLY =  *DFTD_START_A_OK#
[2017-06-02 22:13:08.070] [INFO] dateFileLog - REPLY =  *DFTD_START_A_OK#
[2017-06-02 22:13:08.076] [INFO] dateFileLog - REPLY =  *DFTD_START_A_OK#
[2017-06-02 22:13:09.077] [INFO] dateFileLog - REPLY =  *DFTD_START_A_OK#
[2017-06-02 22:13:09.083] [INFO] dateFileLog - REPLY =  *DFTD_START_A_OK#
[2017-06-02 22:13:10.084] [INFO] dateFileLog - REPLY =  *DFTD_START_A_OK#
[2017-06-02 22:13:10.091] [INFO] dateFileLog - REPLY =  *DFTD_START_A_OK#
[2017-06-02 22:13:21.409] [INFO] dateFileLog - [::ffff:127.0.0.1] Date = *DFTD_START_A,11112000000576,100.1L,A,094506,240116,2239.5530,N,11404.4116,E#
[2017-06-02 22:13:21.460] [ERROR] dateFileLog - Error =  获取车辆信息失败：该车不存在11112000000576
[2017-06-02 22:13:21.489] [ERROR] dateFileLog - Error =  获取车辆信息失败：该车不存在11112000000576
[2017-06-02 22:13:22.414] [INFO] dateFileLog - REPLY =  *DFTD_START_A_OK#
[2017-06-02 22:13:23.418] [INFO] dateFileLog - REPLY =  *DFTD_START_A_OK#
[2017-06-02 22:13:24.424] [INFO] dateFileLog - REPLY =  *DFTD_START_A_OK#
[2017-06-02 22:13:25.431] [INFO] dateFileLog - REPLY =  *DFTD_START_A_OK#
[2017-06-02 22:13:26.444] [INFO] dateFileLog - REPLY =  *DFTD_START_A_OK#
[2017-06-02 22:13:27.453] [INFO] dateFileLog - REPLY =  *DFTD_START_A_OK#
[2017-06-02 22:13:28.461] [INFO] dateFileLog - REPLY =  *DFTD_START_A_OK#
[2017-06-02 22:13:29.467] [INFO] dateFileLog - REPLY =  *DFTD_START_A_OK#
[2017-06-02 22:13:30.474] [INFO] dateFileLog - REPLY =  *DFTD_START_A_OK#
[2017-06-02 22:13:31.480] [INFO] dateFileLog - REPLY =  *DFTD_START_A_OK#
[2017-06-02 22:13:32.487] [INFO] dateFileLog - REPLY =  *DFTD_START_A_OK#
[2017-06-02 22:13:36.040] [INFO] dateFileLog - [::ffff:127.0.0.1] Date = *DFTD_START_A,11112000000576,100.1L,A,094506,240116,2239.5530,N,11404.4116,E#
[2017-06-02 22:13:36.100] [ERROR] dateFileLog - Error =  获取车辆信息失败：该车不存在11112000000576
[2017-06-02 22:13:36.104] [ERROR] dateFileLog - Error =  获取车辆信息失败：该车不存在11112000000576
[2017-06-02 22:13:37.044] [INFO] dateFileLog - REPLY =  *DFTD_START_A_OK#
[2017-06-02 22:13:38.051] [INFO] dateFileLog - REPLY =  *DFTD_START_A_OK#
[2017-06-02 22:13:39.054] [INFO] dateFileLog - REPLY =  *DFTD_START_A_OK#
[2017-06-02 22:13:40.062] [INFO] dateFileLog - REPLY =  *DFTD_START_A_OK#
[2017-06-02 22:13:41.069] [INFO] dateFileLog - REPLY =  *DFTD_START_A_OK#
[2017-06-02 22:13:42.075] [INFO] dateFileLog - REPLY =  *DFTD_START_A_OK#
[2017-06-02 22:13:43.085] [INFO] dateFileLog - REPLY =  *DFTD_START_A_OK#
[2017-06-02 22:13:44.098] [INFO] dateFileLog - REPLY =  *DFTD_START_A_OK#
[2017-06-02 22:13:45.103] [INFO] dateFileLog - REPLY =  *DFTD_START_A_OK#
[2017-06-02 22:13:46.110] [INFO] dateFileLog - REPLY =  *DFTD_START_A_OK#
[2017-06-02 22:13:47.117] [INFO] dateFileLog - REPLY =  *DFTD_START_A_OK#
[2017-06-02 22:13:54.230] [ERROR] dateFileLog - Error:Error: read ECONNRESET
[2017-06-02 22:13:54.232] [INFO] dateFileLog - 
