[2017-06-05 21:50:07.860] [ERROR] dateFileLog - Error =  { RequestError: Invalid column name 'undefined'.
    at E:\code\node_modules\mssql\lib\tedious.js:739:17
    at emitOne (events.js:96:13)
    at Connection.emit (events.js:191:7)
    at Parser.<anonymous> (E:\code\node_modules\mssql\node_modules\tedious\lib\connection.js:204:16)
    at emitOne (events.js:96:13)
    at Parser.emit (events.js:191:7)
    at Parser.<anonymous> (E:\code\node_modules\mssql\node_modules\tedious\lib\token\token-stream-parser.js:42:15)
    at emitOne (events.js:96:13)
    at Parser.emit (events.js:191:7)
    at readableAddChunk (E:\code\node_modules\mssql\node_modules\tedious\node_modules\readable-stream\lib\_stream_readable.js:213:18)
  name: 'RequestError',
  message: 'Invalid column name \'undefined\'.',
  code: 'EREQUEST',
  number: 207,
  lineNumber: 1,
  state: 1,
  class: 16,
  serverName: 'iZ948wnf8ufZ',
  procName: '',
  precedingErrors: [] }
RequestError: Invalid column name 'undefined'.
    at E:\code\node_modules\mssql\lib\tedious.js:739:17
    at emitOne (events.js:96:13)
    at Connection.emit (events.js:191:7)
    at Parser.<anonymous> (E:\code\node_modules\mssql\node_modules\tedious\lib\connection.js:204:16)
    at emitOne (events.js:96:13)
    at Parser.emit (events.js:191:7)
    at Parser.<anonymous> (E:\code\node_modules\mssql\node_modules\tedious\lib\token\token-stream-parser.js:42:15)
    at emitOne (events.js:96:13)
    at Parser.emit (events.js:191:7)
    at readableAddChunk (E:\code\node_modules\mssql\node_modules\tedious\node_modules\readable-stream\lib\_stream_readable.js:213:18)
[2017-06-05 21:50:07.954] [ERROR] dateFileLog - Error =  { RequestError: Invalid column name 'undefined'.
    at E:\code\node_modules\mssql\lib\tedious.js:739:17
    at emitOne (events.js:96:13)
    at Connection.emit (events.js:191:7)
    at Parser.<anonymous> (E:\code\node_modules\mssql\node_modules\tedious\lib\connection.js:204:16)
    at emitOne (events.js:96:13)
    at Parser.emit (events.js:191:7)
    at Parser.<anonymous> (E:\code\node_modules\mssql\node_modules\tedious\lib\token\token-stream-parser.js:42:15)
    at emitOne (events.js:96:13)
    at Parser.emit (events.js:191:7)
    at readableAddChunk (E:\code\node_modules\mssql\node_modules\tedious\node_modules\readable-stream\lib\_stream_readable.js:213:18)
  name: 'RequestError',
  message: 'Invalid column name \'undefined\'.',
  code: 'EREQUEST',
  number: 207,
  lineNumber: 1,
  state: 1,
  class: 16,
  serverName: 'iZ948wnf8ufZ',
  procName: '',
  precedingErrors: [] }
RequestError: Invalid column name 'undefined'.
    at E:\code\node_modules\mssql\lib\tedious.js:739:17
    at emitOne (events.js:96:13)
    at Connection.emit (events.js:191:7)
    at Parser.<anonymous> (E:\code\node_modules\mssql\node_modules\tedious\lib\connection.js:204:16)
    at emitOne (events.js:96:13)
    at Parser.emit (events.js:191:7)
    at Parser.<anonymous> (E:\code\node_modules\mssql\node_modules\tedious\lib\token\token-stream-parser.js:42:15)
    at emitOne (events.js:96:13)
    at Parser.emit (events.js:191:7)
    at readableAddChunk (E:\code\node_modules\mssql\node_modules\tedious\node_modules\readable-stream\lib\_stream_readable.js:213:18)
[2017-06-05 22:01:55.749] [ERROR] dateFileLog - Error =  { RequestError: Incorrect syntax near the keyword 'select'.
    at E:\code\node_modules\mssql\lib\tedious.js:739:17
    at emitOne (events.js:96:13)
    at Connection.emit (events.js:191:7)
    at Parser.<anonymous> (E:\code\node_modules\mssql\node_modules\tedious\lib\connection.js:204:16)
    at emitOne (events.js:96:13)
    at Parser.emit (events.js:191:7)
    at Parser.<anonymous> (E:\code\node_modules\mssql\node_modules\tedious\lib\token\token-stream-parser.js:42:15)
    at emitOne (events.js:96:13)
    at Parser.emit (events.js:191:7)
    at readableAddChunk (E:\code\node_modules\mssql\node_modules\tedious\node_modules\readable-stream\lib\_stream_readable.js:213:18)
  name: 'RequestError',
  message: 'Incorrect syntax near the keyword \'select\'.',
  code: 'EREQUEST',
  number: 156,
  lineNumber: 1,
  state: 1,
  class: 15,
  serverName: 'iZ948wnf8ufZ',
  procName: '',
  precedingErrors: [] }
RequestError: Incorrect syntax near the keyword 'select'.
    at E:\code\node_modules\mssql\lib\tedious.js:739:17
    at emitOne (events.js:96:13)
    at Connection.emit (events.js:191:7)
    at Parser.<anonymous> (E:\code\node_modules\mssql\node_modules\tedious\lib\connection.js:204:16)
    at emitOne (events.js:96:13)
    at Parser.emit (events.js:191:7)
    at Parser.<anonymous> (E:\code\node_modules\mssql\node_modules\tedious\lib\token\token-stream-parser.js:42:15)
    at emitOne (events.js:96:13)
    at Parser.emit (events.js:191:7)
    at readableAddChunk (E:\code\node_modules\mssql\node_modules\tedious\node_modules\readable-stream\lib\_stream_readable.js:213:18)
[2017-06-05 22:42:57.622] [ERROR] dateFileLog - Error =  { RequestError: String or binary data would be truncated.
    at E:\code\node_modules\mssql\lib\tedious.js:739:17
    at emitOne (events.js:96:13)
    at Connection.emit (events.js:191:7)
    at Parser.<anonymous> (E:\code\node_modules\mssql\node_modules\tedious\lib\connection.js:204:16)
    at emitOne (events.js:96:13)
    at Parser.emit (events.js:191:7)
    at Parser.<anonymous> (E:\code\node_modules\mssql\node_modules\tedious\lib\token\token-stream-parser.js:42:15)
    at emitOne (events.js:96:13)
    at Parser.emit (events.js:191:7)
    at readableAddChunk (E:\code\node_modules\mssql\node_modules\tedious\node_modules\readable-stream\lib\_stream_readable.js:213:18)
  name: 'RequestError',
  message: 'String or binary data would be truncated.',
  code: 'EREQUEST',
  number: 8152,
  lineNumber: 1,
  state: 10,
  class: 16,
  serverName: 'iZ948wnf8ufZ',
  procName: '',
  precedingErrors: [] }
RequestError: String or binary data would be truncated.
    at E:\code\node_modules\mssql\lib\tedious.js:739:17
    at emitOne (events.js:96:13)
    at Connection.emit (events.js:191:7)
    at Parser.<anonymous> (E:\code\node_modules\mssql\node_modules\tedious\lib\connection.js:204:16)
    at emitOne (events.js:96:13)
    at Parser.emit (events.js:191:7)
    at Parser.<anonymous> (E:\code\node_modules\mssql\node_modules\tedious\lib\token\token-stream-parser.js:42:15)
    at emitOne (events.js:96:13)
    at Parser.emit (events.js:191:7)
    at readableAddChunk (E:\code\node_modules\mssql\node_modules\tedious\node_modules\readable-stream\lib\_stream_readable.js:213:18)
